Warning: Python module not loaded, you already have Python loaded via conda init
/opt/cray/pe/modules/3.2.11.4/bin/modulecmd: error while loading shared libraries: libtcl8.6.so: cannot open shared object file: No such file or directory
/opt/cray/pe/modules/3.2.11.4/bin/modulecmd: error while loading shared libraries: libtcl8.6.so: cannot open shared object file: No such file or directory
/opt/cray/pe/modules/3.2.11.4/bin/modulecmd: error while loading shared libraries: libtcl8.6.so: cannot open shared object file: No such file or directory
/opt/cray/pe/modules/3.2.11.4/bin/modulecmd: error while loading shared libraries: libtcl8.6.so: cannot open shared object file: No such file or directory
ls: cannot access 'mechs/*.inc': No such file or directory
/global/homes/m/mikelam/.bashrc: line 10: module: command not found
/global/homes/m/mikelam/.bashrc: line 11: module: command not found
/global/homes/m/mikelam/.bashrc: line 12: module: command not found
/global/homes/m/mikelam/.bashrc: line 13: module: command not found
/global/homes/m/mikelam/.bashrc: line 10: module: command not found
/global/homes/m/mikelam/.bashrc: line 11: module: command not found
/global/homes/m/mikelam/.bashrc: line 12: module: command not found
/global/homes/m/mikelam/.bashrc: line 13: module: command not found
/global/homes/m/mikelam/.bashrc: line 10: module: command not found
/global/homes/m/mikelam/.bashrc: line 11: module: command not found
/global/homes/m/mikelam/.bashrc: line 12: module: command not found
/global/homes/m/mikelam/.bashrc: line 13: module: command not found
/global/homes/m/mikelam/.bashrc: line 10: module: command not found
/global/homes/m/mikelam/.bashrc: line 11: module: command not found
/global/homes/m/mikelam/.bashrc: line 12: module: command not found
/global/homes/m/mikelam/.bashrc: line 13: module: command not found
/global/u1/m/mikelam/SimulatingVariants/curve_fitting.py:29: RuntimeWarning: overflow encountered in exp
  return y0 + span_fast * (1 - np.exp(-k_fast * x)) + span_slow * (1 - np.exp(-k_slow * x))
slurmstepd: error: *** STEP 53142424.0 ON nid12788 CANCELLED AT 2022-01-13T02:41:38 DUE TO TIME LIMIT ***
srun: got SIGCONT
srun: forcing job termination
